# JRE version: OpenJDK Runtime Environment (17.0.9) (build 17.0.9+0--11185874)
# Java VM: OpenJDK 64-Bit Server VM (17.0.9+0--11185874, mixed mode, tiered, compressed oops, compressed class ptrs, g1 gc, windows-amd64)
GC Precious Log:
 CPUs: 8 total, 8 available
 Memory: 7871M
 Large Page Support: Disabled
 NUMA Support: Disabled
 Compressed Oops: Enabled (32-bit)
 Heap Region Size: 1M
 Heap Min Capacity: 8M
 Heap Initial Capacity: 124M
 Heap Max Capacity: 2G
 Pre-touch: Disabled
 Parallel Workers: 8
 Concurrent Workers: 2
 Concurrent Refinement Workers: 8
 Periodic GC: Disabled
Heap:
 garbage-first heap   total 391168K, used 299179K [0x0000000080000000, 0x0000000100000000)
  region size 1024K, 5 young (5120K), 5 survivors (5120K)
 Metaspace       used 163491K, committed 164928K, reserved 1245184K
  class space    used 22429K, committed 23104K, reserved 1048576K
GC Heap History (20 events):
Event: 1922.033 GC heap after
{Heap after GC invocations=103 (full 0):
 garbage-first heap   total 391168K, used 224256K [0x0000000080000000, 0x0000000100000000)
  region size 1024K, 5 young (5120K), 5 survivors (5120K)
 Metaspace       used 162260K, committed 163456K, reserved 1245184K
  class space    used 22293K, committed 22848K, reserved 1048576K
}
Event: 1923.377 GC heap before
{Heap before GC invocations=103 (full 0):
 garbage-first heap   total 391168K, used 335871K [0x0000000080000000, 0x0000000100000000)
  region size 1024K, 96 young (98304K), 5 survivors (5120K)
 Metaspace       used 162445K, committed 163648K, reserved 1245184K
  class space    used 22305K, committed 22912K, reserved 1048576K
}
Event: 1923.392 GC heap after
{Heap after GC invocations=104 (full 0):
 garbage-first heap   total 391168K, used 229528K [0x0000000080000000, 0x0000000100000000)
  region size 1024K, 11 young (11264K), 11 survivors (11264K)
 Metaspace       used 162445K, committed 163648K, reserved 1245184K
  class space    used 22305K, committed 22912K, reserved 1048576K
}
Event: 2153.143 GC heap before
{Heap before GC invocations=104 (full 0):
 garbage-first heap   total 391168K, used 345240K [0x0000000080000000, 0x0000000100000000)
  region size 1024K, 98 young (100352K), 11 survivors (11264K)
 Metaspace       used 162558K, committed 163840K, reserved 1245184K
  class space    used 22308K, committed 22912K, reserved 1048576K
}
Event: 2153.178 GC heap after
{Heap after GC invocations=105 (full 0):
 garbage-first heap   total 391168K, used 225280K [0x0000000080000000, 0x0000000100000000)
  region size 1024K, 4 young (4096K), 4 survivors (4096K)
 Metaspace       used 162558K, committed 163840K, reserved 1245184K
  class space    used 22308K, committed 22912K, reserved 1048576K
}
Event: 2154.925 GC heap before
{Heap before GC invocations=105 (full 0):
 garbage-first heap   total 391168K, used 332800K [0x0000000080000000, 0x0000000100000000)
  region size 1024K, 100 young (102400K), 4 survivors (4096K)
 Metaspace       used 162724K, committed 163968K, reserved 1245184K
  class space    used 22310K, committed 22912K, reserved 1048576K
}
Event: 2154.981 GC heap after
{Heap after GC invocations=106 (full 0):
 garbage-first heap   total 391168K, used 250776K [0x0000000080000000, 0x0000000100000000)
  region size 1024K, 13 young (13312K), 13 survivors (13312K)
 Metaspace       used 162724K, committed 163968K, reserved 1245184K
  class space    used 22310K, committed 22912K, reserved 1048576K
}
Event: 2155.753 GC heap before
{Heap before GC invocations=106 (full 0):
 garbage-first heap   total 391168K, used 328600K [0x0000000080000000, 0x0000000100000000)
  region size 1024K, 73 young (74752K), 13 survivors (13312K)
 Metaspace       used 162782K, committed 164032K, reserved 1245184K
  class space    used 22310K, committed 22912K, reserved 1048576K
}
Event: 2155.785 GC heap after
{Heap after GC invocations=107 (full 0):
 garbage-first heap   total 391168K, used 259529K [0x0000000080000000, 0x0000000100000000)
  region size 1024K, 8 young (8192K), 8 survivors (8192K)
 Metaspace       used 162782K, committed 164032K, reserved 1245184K
  class space    used 22310K, committed 22912K, reserved 1048576K
}
Event: 2161.038 GC heap before
{Heap before GC invocations=107 (full 0):
 garbage-first heap   total 391168K, used 316873K [0x0000000080000000, 0x0000000100000000)
  region size 1024K, 65 young (66560K), 8 survivors (8192K)
 Metaspace       used 162807K, committed 164032K, reserved 1245184K
  class space    used 22311K, committed 22912K, reserved 1048576K
}
Event: 2161.063 GC heap after
{Heap after GC invocations=108 (full 0):
 garbage-first heap   total 391168K, used 261984K [0x0000000080000000, 0x0000000100000000)
  region size 1024K, 6 young (6144K), 6 survivors (6144K)
 Metaspace       used 162807K, committed 164032K, reserved 1245184K
  class space    used 22311K, committed 22912K, reserved 1048576K
}
Event: 2226.250 GC heap before
{Heap before GC invocations=108 (full 0):
 garbage-first heap   total 391168K, used 348000K [0x0000000080000000, 0x0000000100000000)
  region size 1024K, 64 young (65536K), 6 survivors (6144K)
 Metaspace       used 162928K, committed 164160K, reserved 1245184K
  class space    used 22320K, committed 22912K, reserved 1048576K
}
Event: 2226.265 GC heap after
{Heap after GC invocations=109 (full 0):
 garbage-first heap   total 391168K, used 261010K [0x0000000080000000, 0x0000000100000000)
  region size 1024K, 4 young (4096K), 4 survivors (4096K)
 Metaspace       used 162928K, committed 164160K, reserved 1245184K
  class space    used 22320K, committed 22912K, reserved 1048576K
}
Event: 2227.609 GC heap before
{Heap before GC invocations=109 (full 0):
 garbage-first heap   total 391168K, used 325522K [0x0000000080000000, 0x0000000100000000)
  region size 1024K, 66 young (67584K), 4 survivors (4096K)
 Metaspace       used 163286K, committed 164672K, reserved 1245184K
  class space    used 22375K, committed 23040K, reserved 1048576K
}
Event: 2227.640 GC heap after
{Heap after GC invocations=110 (full 0):
 garbage-first heap   total 391168K, used 281890K [0x0000000080000000, 0x0000000100000000)
  region size 1024K, 9 young (9216K), 9 survivors (9216K)
 Metaspace       used 163286K, committed 164672K, reserved 1245184K
  class space    used 22375K, committed 23040K, reserved 1048576K
}
Event: 2227.991 GC heap before
{Heap before GC invocations=110 (full 0):
 garbage-first heap   total 391168K, used 326946K [0x0000000080000000, 0x0000000100000000)
  region size 1024K, 46 young (47104K), 9 survivors (9216K)
 Metaspace       used 163292K, committed 164672K, reserved 1245184K
  class space    used 22375K, committed 23040K, reserved 1048576K
}
Event: 2228.008 GC heap after
{Heap after GC invocations=111 (full 0):
 garbage-first heap   total 391168K, used 290091K [0x0000000080000000, 0x0000000100000000)
  region size 1024K, 6 young (6144K), 6 survivors (6144K)
 Metaspace       used 163292K, committed 164672K, reserved 1245184K
  class space    used 22375K, committed 23040K, reserved 1048576K
}
Event: 2228.361 GC heap before
{Heap before GC invocations=111 (full 0):
 garbage-first heap   total 391168K, used 339243K [0x0000000080000000, 0x0000000100000000)
  region size 1024K, 38 young (38912K), 6 survivors (6144K)
 Metaspace       used 163419K, committed 164864K, reserved 1245184K
  class space    used 22410K, committed 23104K, reserved 1048576K
}
Event: 2228.379 GC heap after
{Heap after GC invocations=112 (full 0):
 garbage-first heap   total 391168K, used 293942K [0x0000000080000000, 0x0000000100000000)
  region size 1024K, 4 young (4096K), 4 survivors (4096K)
 Metaspace       used 163419K, committed 164864K, reserved 1245184K
  class space    used 22410K, committed 23104K, reserved 1048576K
}
Event: 2228.919 GC heap before
{Heap before GC invocations=112 (full 0):
 garbage-first heap   total 391168K, used 326710K [0x0000000080000000, 0x0000000100000000)
  region size 1024K, 36 young (36864K), 4 survivors (4096K)
 Metaspace       used 163491K, committed 164928K, reserved 1245184K
  class space    used 22429K, committed 23104K, reserved 1048576K
}

